<?xml version="1.0" encoding="UTF-8"?>
<!-- Generated by org.testng.reporters.JUnitReportReporter -->
<testsuite hostname="Dell" failures="0" tests="1" name="com.amz.qa.testcases.AccountPageTest" time="113.031" errors="0" timestamp="2022-09-22T20:07:54 IST" skipped="0">
  <testcase classname="com.amz.qa.testcases.AccountPageTest" name="loginAndLogoutTest" time="113.031"/>
  <system-out/>
</testsuite> <!-- com.amz.qa.testcases.AccountPageTest -->
