<?xml version="1.0" encoding="UTF-8"?>
<!-- Generated by org.testng.reporters.JUnitReportReporter -->
<testsuite hostname="Dell" failures="0" tests="1" name="com.amz.qa.testcases.ContactsPageTest" time="24.617" errors="0" timestamp="2022-09-05T20:33:50 IST" skipped="0">
  <testcase classname="com.amz.qa.testcases.ContactsPageTest" name="verifyContactsLabel" time="24.617"/>
  <system-out/>
</testsuite> <!-- com.amz.qa.testcases.ContactsPageTest -->
