<?xml version="1.0" encoding="UTF-8"?>
<!-- Generated by org.testng.reporters.JUnitReportReporter -->
<testsuite hostname="Dell" failures="0" tests="3" name="com.amz.qa.testcases.LoginPageTest" time="29.170" errors="0" timestamp="2022-09-10T19:11:45 IST" skipped="0">
  <testcase classname="com.amz.qa.testcases.LoginPageTest" name="loginTest" time="8.770"/>
  <system-out/>
  <testcase classname="com.amz.qa.testcases.LoginPageTest" name="loginOnlyEmailTest" time="8.430"/>
  <system-out/>
  <testcase classname="com.amz.qa.testcases.LoginPageTest" name="loginOnlyEmlInvPwdTest" time="11.970"/>
  <system-out/>
</testsuite> <!-- com.amz.qa.testcases.LoginPageTest -->
