<?xml version="1.0" encoding="UTF-8"?>
<!-- Generated by org.testng.reporters.JUnitReportReporter -->
<testsuite hostname="Dell" failures="0" tests="2" name="com.amz.qa.testcases.SignUpPageTest" time="18.224" errors="0" timestamp="2022-09-10T19:11:45 IST" skipped="0">
  <testcase classname="com.amz.qa.testcases.SignUpPageTest" name="titleSignUpTest" time="7.539"/>
  <system-out/>
  <testcase classname="com.amz.qa.testcases.SignUpPageTest" name="signUpTest1" time="10.685"/>
  <system-out/>
</testsuite> <!-- com.amz.qa.testcases.SignUpPageTest -->
